Analysis & Synthesis report for deneme
Sun Jun  1 12:28:43 2025
Quartus Prime Version 23.1std.1 Build 993 05/14/2024 SC Lite Edition


---------------------
; Table of Contents ;
---------------------
  1. Legal Notice
  2. Analysis & Synthesis Summary
  3. Analysis & Synthesis Settings
  4. Parallel Compilation
  5. Analysis & Synthesis Source Files Read
  6. Analysis & Synthesis Resource Usage Summary
  7. Analysis & Synthesis Resource Utilization by Entity
  8. State Machine - |deneme|vga_driver:draw|v_state
  9. State Machine - |deneme|vga_driver:draw|h_state
 10. State Machine - |deneme|game_fsm:game|state2
 11. State Machine - |deneme|game_fsm:game|state
 12. Registers Removed During Synthesis
 13. Removed Registers Triggering Further Register Optimizations
 14. General Register Statistics
 15. Multiplexer Restructuring Statistics (Restructuring Performed)
 16. Parameter Settings for User Entity Instance: game_clk:game_clock|clock_divider:game_divider|Counter:thine_counter
 17. Parameter Settings for User Entity Instance: game_fsm:game|Counter:frame_counter
 18. Parameter Settings for User Entity Instance: game_fsm:game|Counter:frame_counter2
 19. Parameter Settings for User Entity Instance: game_fsm:game|Counter:fight_time_counter
 20. Parameter Settings for User Entity Instance: vga_driver:draw
 21. Port Connectivity Checks: "render_menu:gamemenu"
 22. Port Connectivity Checks: "game_fsm:game|Counter:fight_time_counter"
 23. Port Connectivity Checks: "game_clk:game_clock|clock_divider:game_divider"
 24. Post-Synthesis Netlist Statistics for Top Partition
 25. Elapsed Time Per Partition
 26. Analysis & Synthesis Messages



----------------
; Legal Notice ;
----------------
Copyright (C) 2024  Intel Corporation. All rights reserved.
Your use of Intel Corporation's design tools, logic functions 
and other software and tools, and any partner logic 
functions, and any output files from any of the foregoing 
(including device programming or simulation files), and any 
associated documentation or information are expressly subject 
to the terms and conditions of the Intel Program License 
Subscription Agreement, the Intel Quartus Prime License Agreement,
the Intel FPGA IP License Agreement, or other applicable license
agreement, including, without limitation, that your use is for
the sole purpose of programming logic devices manufactured by
Intel and sold by Intel or its authorized distributors.  Please
refer to the applicable agreement for further details, at
https://fpgasoftware.intel.com/eula.



+----------------------------------------------------------------------------------+
; Analysis & Synthesis Summary                                                     ;
+---------------------------------+------------------------------------------------+
; Analysis & Synthesis Status     ; Successful - Sun Jun  1 12:28:43 2025          ;
; Quartus Prime Version           ; 23.1std.1 Build 993 05/14/2024 SC Lite Edition ;
; Revision Name                   ; deneme                                         ;
; Top-level Entity Name           ; deneme                                         ;
; Family                          ; Cyclone V                                      ;
; Logic utilization (in ALMs)     ; N/A                                            ;
; Total registers                 ; 184                                            ;
; Total pins                      ; 99                                             ;
; Total virtual pins              ; 0                                              ;
; Total block memory bits         ; 0                                              ;
; Total DSP Blocks                ; 0                                              ;
; Total HSSI RX PCSs              ; 0                                              ;
; Total HSSI PMA RX Deserializers ; 0                                              ;
; Total HSSI TX PCSs              ; 0                                              ;
; Total HSSI PMA TX Serializers   ; 0                                              ;
; Total PLLs                      ; 0                                              ;
; Total DLLs                      ; 0                                              ;
+---------------------------------+------------------------------------------------+


+---------------------------------------------------------------------------------------------------------------------------+
; Analysis & Synthesis Settings                                                                                             ;
+---------------------------------------------------------------------------------+--------------------+--------------------+
; Option                                                                          ; Setting            ; Default Value      ;
+---------------------------------------------------------------------------------+--------------------+--------------------+
; Device                                                                          ; 5CSEMA5F31C6       ;                    ;
; Top-level entity name                                                           ; deneme             ; deneme             ;
; Family name                                                                     ; Cyclone V          ; Cyclone V          ;
; Use smart compilation                                                           ; Off                ; Off                ;
; Enable parallel Assembler and Timing Analyzer during compilation                ; On                 ; On                 ;
; Enable compact report table                                                     ; Off                ; Off                ;
; Restructure Multiplexers                                                        ; Auto               ; Auto               ;
; MLAB Add Timing Constraints For Mixed-Port Feed-Through Mode Setting Don't Care ; Off                ; Off                ;
; Create Debugging Nodes for IP Cores                                             ; Off                ; Off                ;
; Preserve fewer node names                                                       ; On                 ; On                 ;
; Intel FPGA IP Evaluation Mode                                                   ; Enable             ; Enable             ;
; Verilog Version                                                                 ; Verilog_2001       ; Verilog_2001       ;
; VHDL Version                                                                    ; VHDL_1993          ; VHDL_1993          ;
; State Machine Processing                                                        ; Auto               ; Auto               ;
; Safe State Machine                                                              ; Off                ; Off                ;
; Extract Verilog State Machines                                                  ; On                 ; On                 ;
; Extract VHDL State Machines                                                     ; On                 ; On                 ;
; Ignore Verilog initial constructs                                               ; Off                ; Off                ;
; Iteration limit for constant Verilog loops                                      ; 5000               ; 5000               ;
; Iteration limit for non-constant Verilog loops                                  ; 250                ; 250                ;
; Add Pass-Through Logic to Inferred RAMs                                         ; On                 ; On                 ;
; Infer RAMs from Raw Logic                                                       ; On                 ; On                 ;
; Parallel Synthesis                                                              ; On                 ; On                 ;
; DSP Block Balancing                                                             ; Auto               ; Auto               ;
; NOT Gate Push-Back                                                              ; On                 ; On                 ;
; Power-Up Don't Care                                                             ; On                 ; On                 ;
; Remove Redundant Logic Cells                                                    ; Off                ; Off                ;
; Remove Duplicate Registers                                                      ; On                 ; On                 ;
; Ignore CARRY Buffers                                                            ; Off                ; Off                ;
; Ignore CASCADE Buffers                                                          ; Off                ; Off                ;
; Ignore GLOBAL Buffers                                                           ; Off                ; Off                ;
; Ignore ROW GLOBAL Buffers                                                       ; Off                ; Off                ;
; Ignore LCELL Buffers                                                            ; Off                ; Off                ;
; Ignore SOFT Buffers                                                             ; On                 ; On                 ;
; Limit AHDL Integers to 32 Bits                                                  ; Off                ; Off                ;
; Optimization Technique                                                          ; Balanced           ; Balanced           ;
; Carry Chain Length                                                              ; 70                 ; 70                 ;
; Auto Carry Chains                                                               ; On                 ; On                 ;
; Auto Open-Drain Pins                                                            ; On                 ; On                 ;
; Perform WYSIWYG Primitive Resynthesis                                           ; Off                ; Off                ;
; Auto ROM Replacement                                                            ; On                 ; On                 ;
; Auto RAM Replacement                                                            ; On                 ; On                 ;
; Auto DSP Block Replacement                                                      ; On                 ; On                 ;
; Auto Shift Register Replacement                                                 ; Auto               ; Auto               ;
; Allow Shift Register Merging across Hierarchies                                 ; Auto               ; Auto               ;
; Auto Clock Enable Replacement                                                   ; On                 ; On                 ;
; Strict RAM Replacement                                                          ; Off                ; Off                ;
; Allow Synchronous Control Signals                                               ; On                 ; On                 ;
; Force Use of Synchronous Clear Signals                                          ; Off                ; Off                ;
; Auto Resource Sharing                                                           ; Off                ; Off                ;
; Allow Any RAM Size For Recognition                                              ; Off                ; Off                ;
; Allow Any ROM Size For Recognition                                              ; Off                ; Off                ;
; Allow Any Shift Register Size For Recognition                                   ; Off                ; Off                ;
; Use LogicLock Constraints during Resource Balancing                             ; On                 ; On                 ;
; Ignore translate_off and synthesis_off directives                               ; Off                ; Off                ;
; Timing-Driven Synthesis                                                         ; On                 ; On                 ;
; Report Parameter Settings                                                       ; On                 ; On                 ;
; Report Source Assignments                                                       ; On                 ; On                 ;
; Report Connectivity Checks                                                      ; On                 ; On                 ;
; Ignore Maximum Fan-Out Assignments                                              ; Off                ; Off                ;
; Synchronization Register Chain Length                                           ; 3                  ; 3                  ;
; Power Optimization During Synthesis                                             ; Normal compilation ; Normal compilation ;
; HDL message level                                                               ; Level2             ; Level2             ;
; Suppress Register Optimization Related Messages                                 ; Off                ; Off                ;
; Number of Removed Registers Reported in Synthesis Report                        ; 5000               ; 5000               ;
; Number of Swept Nodes Reported in Synthesis Report                              ; 5000               ; 5000               ;
; Number of Inverted Registers Reported in Synthesis Report                       ; 100                ; 100                ;
; Clock MUX Protection                                                            ; On                 ; On                 ;
; Auto Gated Clock Conversion                                                     ; Off                ; Off                ;
; Block Design Naming                                                             ; Auto               ; Auto               ;
; SDC constraint protection                                                       ; Off                ; Off                ;
; Synthesis Effort                                                                ; Auto               ; Auto               ;
; Shift Register Replacement - Allow Asynchronous Clear Signal                    ; On                 ; On                 ;
; Pre-Mapping Resynthesis Optimization                                            ; Off                ; Off                ;
; Analysis & Synthesis Message Level                                              ; Medium             ; Medium             ;
; Disable Register Merging Across Hierarchies                                     ; Auto               ; Auto               ;
; Resource Aware Inference For Block RAM                                          ; On                 ; On                 ;
; Automatic Parallel Synthesis                                                    ; On                 ; On                 ;
; Partial Reconfiguration Bitstream ID                                            ; Off                ; Off                ;
+---------------------------------------------------------------------------------+--------------------+--------------------+


+------------------------------------------+
; Parallel Compilation                     ;
+----------------------------+-------------+
; Processors                 ; Number      ;
+----------------------------+-------------+
; Number detected on machine ; 16          ;
; Maximum allowed            ; 16          ;
;                            ;             ;
; Average used               ; 1.00        ;
; Maximum used               ; 16          ;
;                            ;             ;
; Usage by Processor         ; % Time Used ;
;     Processor 1            ; 100.0%      ;
;     Processors 2-16        ;   0.0%      ;
+----------------------------+-------------+


+-----------------------------------------------------------------------------------------------------------------------------------------------------+
; Analysis & Synthesis Source Files Read                                                                                                              ;
+----------------------------------+-----------------+------------------------+-------------------------------------------------------------+---------+
; File Name with User-Entered Path ; Used in Netlist ; File Type              ; File Name with Absolute Path                                ; Library ;
+----------------------------------+-----------------+------------------------+-------------------------------------------------------------+---------+
; ../../render_menu.v              ; yes             ; User Verilog HDL File  ; C:/Users/lenovo/Downloads/render_menu.v                     ;         ;
; vga_driver.v                     ; yes             ; User Verilog HDL File  ; C:/Users/lenovo/Downloads/2character/deneme/vga_driver.v    ;         ;
; vga_clock.v                      ; yes             ; User Verilog HDL File  ; C:/Users/lenovo/Downloads/2character/deneme/vga_clock.v     ;         ;
; game_fsm.v                       ; yes             ; User Verilog HDL File  ; C:/Users/lenovo/Downloads/2character/deneme/game_fsm.v      ;         ;
; game_clk.v                       ; yes             ; User Verilog HDL File  ; C:/Users/lenovo/Downloads/2character/deneme/game_clk.v      ;         ;
; deneme.v                         ; yes             ; User Verilog HDL File  ; C:/Users/lenovo/Downloads/2character/deneme/deneme.v        ;         ;
; Counter.v                        ; yes             ; User Verilog HDL File  ; C:/Users/lenovo/Downloads/2character/deneme/Counter.v       ;         ;
; clock_divider.v                  ; yes             ; User Verilog HDL File  ; C:/Users/lenovo/Downloads/2character/deneme/clock_divider.v ;         ;
; 7segdisplay.v                    ; yes             ; User Verilog HDL File  ; C:/Users/lenovo/Downloads/2character/deneme/7segdisplay.v   ;         ;
; layering.v                       ; yes             ; User Verilog HDL File  ; C:/Users/lenovo/Downloads/2character/deneme/layering.v      ;         ;
; rendering.v                      ; yes             ; User Verilog HDL File  ; C:/Users/lenovo/Downloads/2character/deneme/rendering.v     ;         ;
+----------------------------------+-----------------+------------------------+-------------------------------------------------------------+---------+


+-----------------------------------------------------------------------------+
; Analysis & Synthesis Resource Usage Summary                                 ;
+---------------------------------------------+-------------------------------+
; Resource                                    ; Usage                         ;
+---------------------------------------------+-------------------------------+
; Estimate of Logic utilization (ALMs needed) ; 217                           ;
;                                             ;                               ;
; Combinational ALUT usage for logic          ; 368                           ;
;     -- 7 input functions                    ; 4                             ;
;     -- 6 input functions                    ; 61                            ;
;     -- 5 input functions                    ; 50                            ;
;     -- 4 input functions                    ; 31                            ;
;     -- <=3 input functions                  ; 222                           ;
;                                             ;                               ;
; Dedicated logic registers                   ; 184                           ;
;                                             ;                               ;
; I/O pins                                    ; 99                            ;
;                                             ;                               ;
; Total DSP Blocks                            ; 0                             ;
;                                             ;                               ;
; Maximum fan-out node                        ; vga_clock:clock_vga|vga_clock ;
; Maximum fan-out                             ; 115                           ;
; Total fan-out                               ; 1979                          ;
; Average fan-out                             ; 2.64                          ;
+---------------------------------------------+-------------------------------+


+--------------------------------------------------------------------------------------------------------------------------------------------------------------------------------------------------------------------------------------------------------------+
; Analysis & Synthesis Resource Utilization by Entity                                                                                                                                                                                                          ;
+------------------------------------+---------------------+---------------------------+-------------------+------------+------+--------------+------------------------------------------------------------------------------+------------------+--------------+
; Compilation Hierarchy Node         ; Combinational ALUTs ; Dedicated Logic Registers ; Block Memory Bits ; DSP Blocks ; Pins ; Virtual Pins ; Full Hierarchy Name                                                          ; Entity Name      ; Library Name ;
+------------------------------------+---------------------+---------------------------+-------------------+------------+------+--------------+------------------------------------------------------------------------------+------------------+--------------+
; |deneme                            ; 368 (2)             ; 184 (2)                   ; 0                 ; 0          ; 99   ; 0            ; |deneme                                                                      ; deneme           ; work         ;
;    |game_clk:game_clock|           ; 41 (1)              ; 35 (0)                    ; 0                 ; 0          ; 0    ; 0            ; |deneme|game_clk:game_clock                                                  ; game_clk         ; work         ;
;       |clock_divider:game_divider| ; 40 (8)              ; 35 (3)                    ; 0                 ; 0          ; 0    ; 0            ; |deneme|game_clk:game_clock|clock_divider:game_divider                       ; clock_divider    ; work         ;
;          |Counter:thine_counter|   ; 32 (32)             ; 32 (32)                   ; 0                 ; 0          ; 0    ; 0            ; |deneme|game_clk:game_clock|clock_divider:game_divider|Counter:thine_counter ; Counter          ; work         ;
;    |game_fsm:game|                 ; 159 (139)           ; 68 (52)                   ; 0                 ; 0          ; 0    ; 0            ; |deneme|game_fsm:game                                                        ; game_fsm         ; work         ;
;       |Counter:frame_counter2|     ; 10 (10)             ; 8 (8)                     ; 0                 ; 0          ; 0    ; 0            ; |deneme|game_fsm:game|Counter:frame_counter2                                 ; Counter          ; work         ;
;       |Counter:frame_counter|      ; 10 (10)             ; 8 (8)                     ; 0                 ; 0          ; 0    ; 0            ; |deneme|game_fsm:game|Counter:frame_counter                                  ; Counter          ; work         ;
;    |layering:layer|                ; 94 (94)             ; 35 (35)                   ; 0                 ; 0          ; 0    ; 0            ; |deneme|layering:layer                                                       ; layering         ; work         ;
;    |rendering:render|              ; 4 (4)               ; 4 (4)                     ; 0                 ; 0          ; 0    ; 0            ; |deneme|rendering:render                                                     ; rendering        ; work         ;
;    |sevenseg_display:display|      ; 2 (2)               ; 2 (2)                     ; 0                 ; 0          ; 0    ; 0            ; |deneme|sevenseg_display:display                                             ; sevenseg_display ; work         ;
;    |vga_clock:clock_vga|           ; 1 (1)               ; 1 (1)                     ; 0                 ; 0          ; 0    ; 0            ; |deneme|vga_clock:clock_vga                                                  ; vga_clock        ; work         ;
;    |vga_driver:draw|               ; 65 (65)             ; 37 (37)                   ; 0                 ; 0          ; 0    ; 0            ; |deneme|vga_driver:draw                                                      ; vga_driver       ; work         ;
+------------------------------------+---------------------+---------------------------+-------------------+------------+------+--------------+------------------------------------------------------------------------------+------------------+--------------+
Note: For table entries with two numbers listed, the numbers in parentheses indicate the number of resources of the given type used by the specific entity alone. The numbers listed outside of parentheses indicate the total resources of the given type used by the specific entity and all of its sub-entities in the hierarchy.


Encoding Type:  One-Hot
+------------------------------------------------------------------------------------------------------------------------+
; State Machine - |deneme|vga_driver:draw|v_state                                                                        ;
+------------------------+----------------------+-----------------------+-----------------------+------------------------+
; Name                   ; v_state.V_BACK_STATE ; v_state.V_PULSE_STATE ; v_state.V_FRONT_STATE ; v_state.V_ACTIVE_STATE ;
+------------------------+----------------------+-----------------------+-----------------------+------------------------+
; v_state.V_ACTIVE_STATE ; 0                    ; 0                     ; 0                     ; 0                      ;
; v_state.V_FRONT_STATE  ; 0                    ; 0                     ; 1                     ; 1                      ;
; v_state.V_PULSE_STATE  ; 0                    ; 1                     ; 0                     ; 1                      ;
; v_state.V_BACK_STATE   ; 1                    ; 0                     ; 0                     ; 1                      ;
+------------------------+----------------------+-----------------------+-----------------------+------------------------+


Encoding Type:  One-Hot
+------------------------------------------------------------------------------------------------------------------------+
; State Machine - |deneme|vga_driver:draw|h_state                                                                        ;
+------------------------+----------------------+-----------------------+-----------------------+------------------------+
; Name                   ; h_state.H_BACK_STATE ; h_state.H_PULSE_STATE ; h_state.H_FRONT_STATE ; h_state.H_ACTIVE_STATE ;
+------------------------+----------------------+-----------------------+-----------------------+------------------------+
; h_state.H_ACTIVE_STATE ; 0                    ; 0                     ; 0                     ; 0                      ;
; h_state.H_FRONT_STATE  ; 0                    ; 0                     ; 1                     ; 1                      ;
; h_state.H_PULSE_STATE  ; 0                    ; 1                     ; 0                     ; 1                      ;
; h_state.H_BACK_STATE   ; 1                    ; 0                     ; 0                     ; 1                      ;
+------------------------+----------------------+-----------------------+-----------------------+------------------------+


Encoding Type:  One-Hot
+--------------------------------------------------------------------------------------------------------------------------------------------------------------------------------------------------------------------------------------------------------------------------------------------------------+
; State Machine - |deneme|game_fsm:game|state2                                                                                                                                                                                                                                                           ;
+------------------------------+-------------------+-------------+------------------------------+----------------------------+---------------------------+--------------------------+------------------------+-----------------------+---------------+----------------+---------------+------------------+
; Name                         ; state2.S_gameover ; state2.0000 ; state2.S_dir_attack_recovery ; state2.S_dir_attack_active ; state2.S_dir_attack_start ; state2.S_attack_recovery ; state2.S_attack_active ; state2.S_attack_start ; state2.S_left ; state2.S_right ; state2.S_idle ; state2.S_startup ;
+------------------------------+-------------------+-------------+------------------------------+----------------------------+---------------------------+--------------------------+------------------------+-----------------------+---------------+----------------+---------------+------------------+
; state2.S_startup             ; 0                 ; 0           ; 0                            ; 0                          ; 0                         ; 0                        ; 0                      ; 0                     ; 0             ; 0              ; 0             ; 0                ;
; state2.S_idle                ; 0                 ; 0           ; 0                            ; 0                          ; 0                         ; 0                        ; 0                      ; 0                     ; 0             ; 0              ; 1             ; 1                ;
; state2.S_right               ; 0                 ; 0           ; 0                            ; 0                          ; 0                         ; 0                        ; 0                      ; 0                     ; 0             ; 1              ; 0             ; 1                ;
; state2.S_left                ; 0                 ; 0           ; 0                            ; 0                          ; 0                         ; 0                        ; 0                      ; 0                     ; 1             ; 0              ; 0             ; 1                ;
; state2.S_attack_start        ; 0                 ; 0           ; 0                            ; 0                          ; 0                         ; 0                        ; 0                      ; 1                     ; 0             ; 0              ; 0             ; 1                ;
; state2.S_attack_active       ; 0                 ; 0           ; 0                            ; 0                          ; 0                         ; 0                        ; 1                      ; 0                     ; 0             ; 0              ; 0             ; 1                ;
; state2.S_attack_recovery     ; 0                 ; 0           ; 0                            ; 0                          ; 0                         ; 1                        ; 0                      ; 0                     ; 0             ; 0              ; 0             ; 1                ;
; state2.S_dir_attack_start    ; 0                 ; 0           ; 0                            ; 0                          ; 1                         ; 0                        ; 0                      ; 0                     ; 0             ; 0              ; 0             ; 1                ;
; state2.S_dir_attack_active   ; 0                 ; 0           ; 0                            ; 1                          ; 0                         ; 0                        ; 0                      ; 0                     ; 0             ; 0              ; 0             ; 1                ;
; state2.S_dir_attack_recovery ; 0                 ; 0           ; 1                            ; 0                          ; 0                         ; 0                        ; 0                      ; 0                     ; 0             ; 0              ; 0             ; 1                ;
; state2.0000                  ; 0                 ; 1           ; 0                            ; 0                          ; 0                         ; 0                        ; 0                      ; 0                     ; 0             ; 0              ; 0             ; 1                ;
; state2.S_gameover            ; 1                 ; 0           ; 0                            ; 0                          ; 0                         ; 0                        ; 0                      ; 0                     ; 0             ; 0              ; 0             ; 1                ;
+------------------------------+-------------------+-------------+------------------------------+----------------------------+---------------------------+--------------------------+------------------------+-----------------------+---------------+----------------+---------------+------------------+


Encoding Type:  One-Hot
+-------------------------------------------------------------------------------------------------------------------------------------------------------------------------------------------------------------------------------------------------------------------------------------------+
; State Machine - |deneme|game_fsm:game|state                                                                                                                                                                                                                                               ;
+-----------------------------+------------------+------------+-----------------------------+---------------------------+--------------------------+-------------------------+-----------------------+----------------------+--------------+---------------+--------------+-----------------+
; Name                        ; state.S_gameover ; state.0000 ; state.S_dir_attack_recovery ; state.S_dir_attack_active ; state.S_dir_attack_start ; state.S_attack_recovery ; state.S_attack_active ; state.S_attack_start ; state.S_left ; state.S_right ; state.S_idle ; state.S_startup ;
+-----------------------------+------------------+------------+-----------------------------+---------------------------+--------------------------+-------------------------+-----------------------+----------------------+--------------+---------------+--------------+-----------------+
; state.S_startup             ; 0                ; 0          ; 0                           ; 0                         ; 0                        ; 0                       ; 0                     ; 0                    ; 0            ; 0             ; 0            ; 0               ;
; state.S_idle                ; 0                ; 0          ; 0                           ; 0                         ; 0                        ; 0                       ; 0                     ; 0                    ; 0            ; 0             ; 1            ; 1               ;
; state.S_right               ; 0                ; 0          ; 0                           ; 0                         ; 0                        ; 0                       ; 0                     ; 0                    ; 0            ; 1             ; 0            ; 1               ;
; state.S_left                ; 0                ; 0          ; 0                           ; 0                         ; 0                        ; 0                       ; 0                     ; 0                    ; 1            ; 0             ; 0            ; 1               ;
; state.S_attack_start        ; 0                ; 0          ; 0                           ; 0                         ; 0                        ; 0                       ; 0                     ; 1                    ; 0            ; 0             ; 0            ; 1               ;
; state.S_attack_active       ; 0                ; 0          ; 0                           ; 0                         ; 0                        ; 0                       ; 1                     ; 0                    ; 0            ; 0             ; 0            ; 1               ;
; state.S_attack_recovery     ; 0                ; 0          ; 0                           ; 0                         ; 0                        ; 1                       ; 0                     ; 0                    ; 0            ; 0             ; 0            ; 1               ;
; state.S_dir_attack_start    ; 0                ; 0          ; 0                           ; 0                         ; 1                        ; 0                       ; 0                     ; 0                    ; 0            ; 0             ; 0            ; 1               ;
; state.S_dir_attack_active   ; 0                ; 0          ; 0                           ; 1                         ; 0                        ; 0                       ; 0                     ; 0                    ; 0            ; 0             ; 0            ; 1               ;
; state.S_dir_attack_recovery ; 0                ; 0          ; 1                           ; 0                         ; 0                        ; 0                       ; 0                     ; 0                    ; 0            ; 0             ; 0            ; 1               ;
; state.0000                  ; 0                ; 1          ; 0                           ; 0                         ; 0                        ; 0                       ; 0                     ; 0                    ; 0            ; 0             ; 0            ; 1               ;
; state.S_gameover            ; 1                ; 0          ; 0                           ; 0                         ; 0                        ; 0                       ; 0                     ; 0                    ; 0            ; 0             ; 0            ; 1               ;
+-----------------------------+------------------+------------+-----------------------------+---------------------------+--------------------------+-------------------------+-----------------------+----------------------+--------------+---------------+--------------+-----------------+


+----------------------------------------------------------------------------------------------------------+
; Registers Removed During Synthesis                                                                       ;
+-----------------------------------------------------------+----------------------------------------------+
; Register name                                             ; Reason for Removal                           ;
+-----------------------------------------------------------+----------------------------------------------+
; vga_driver:draw|red_reg[0]                                ; Stuck at GND due to stuck port data_in       ;
; vga_driver:draw|green_reg[0..4]                           ; Stuck at GND due to stuck port data_in       ;
; vga_driver:draw|blue_reg[0..5]                            ; Stuck at GND due to stuck port data_in       ;
; vga_driver:draw|red_reg[1..4]                             ; Stuck at GND due to stuck port data_in       ;
; rendering:render|pixel_color[0,2]                         ; Stuck at GND due to stuck port data_in       ;
; game_clk:game_clock|clock_divider:game_divider|control[0] ; Stuck at VCC due to stuck port data_in       ;
; vga_driver:draw|green_reg[5]                              ; Stuck at GND due to stuck port data_in       ;
; vga_driver:draw|blue_reg[6]                               ; Stuck at GND due to stuck port data_in       ;
; rendering:render|pixel_color[4]                           ; Merged with rendering:render|pixel_color[1]  ;
; sevenseg_display:display|hex0[1,4..6]                     ; Merged with sevenseg_display:display|hex0[0] ;
; sevenseg_display:display|hex1[1]                          ; Merged with sevenseg_display:display|hex0[0] ;
; sevenseg_display:display|hex0[3]                          ; Merged with sevenseg_display:display|hex0[2] ;
; sevenseg_display:display|hex1[5]                          ; Merged with sevenseg_display:display|hex0[2] ;
; sevenseg_display:display|hex1[3,4,6]                      ; Merged with sevenseg_display:display|hex1[0] ;
; sevenseg_display:display|hex0[0]                          ; Stuck at GND due to stuck port data_in       ;
; sevenseg_display:display|hex0[2]                          ; Stuck at VCC due to stuck port data_in       ;
; vga_driver:draw|v_state~5                                 ; Lost fanout                                  ;
; vga_driver:draw|v_state~6                                 ; Lost fanout                                  ;
; vga_driver:draw|v_state~7                                 ; Lost fanout                                  ;
; vga_driver:draw|v_state~8                                 ; Lost fanout                                  ;
; vga_driver:draw|v_state~9                                 ; Lost fanout                                  ;
; vga_driver:draw|v_state~10                                ; Lost fanout                                  ;
; vga_driver:draw|v_state~11                                ; Lost fanout                                  ;
; vga_driver:draw|v_state~12                                ; Lost fanout                                  ;
; vga_driver:draw|h_state~5                                 ; Lost fanout                                  ;
; vga_driver:draw|h_state~6                                 ; Lost fanout                                  ;
; vga_driver:draw|h_state~7                                 ; Lost fanout                                  ;
; vga_driver:draw|h_state~8                                 ; Lost fanout                                  ;
; vga_driver:draw|h_state~9                                 ; Lost fanout                                  ;
; vga_driver:draw|h_state~10                                ; Lost fanout                                  ;
; vga_driver:draw|h_state~11                                ; Lost fanout                                  ;
; vga_driver:draw|h_state~12                                ; Lost fanout                                  ;
; game_fsm:game|state2~14                                   ; Lost fanout                                  ;
; game_fsm:game|state2~15                                   ; Lost fanout                                  ;
; game_fsm:game|state2~16                                   ; Lost fanout                                  ;
; game_fsm:game|state2~17                                   ; Lost fanout                                  ;
; game_fsm:game|state~14                                    ; Lost fanout                                  ;
; game_fsm:game|state~15                                    ; Lost fanout                                  ;
; game_fsm:game|state~16                                    ; Lost fanout                                  ;
; game_fsm:game|state~17                                    ; Lost fanout                                  ;
; game_fsm:game|state2.S_startup                            ; Merged with game_fsm:game|state.S_startup    ;
; game_fsm:game|state.S_gameover                            ; Merged with game_fsm:game|state.0000         ;
; game_fsm:game|state2.0000                                 ; Merged with game_fsm:game|state.0000         ;
; game_fsm:game|state2.S_gameover                           ; Merged with game_fsm:game|state.0000         ;
; game_fsm:game|state.0000                                  ; Stuck at GND due to stuck port data_in       ;
; rendering:render|pixel_color[6]                           ; Merged with rendering:render|pixel_color[1]  ;
; Total Number of Removed Registers = 64                    ;                                              ;
+-----------------------------------------------------------+----------------------------------------------+


+------------------------------------------------------------------------------------------------------+
; Removed Registers Triggering Further Register Optimizations                                          ;
+---------------------------------+---------------------------+----------------------------------------+
; Register name                   ; Reason for Removal        ; Registers Removed due to This Register ;
+---------------------------------+---------------------------+----------------------------------------+
; rendering:render|pixel_color[0] ; Stuck at GND              ; vga_driver:draw|blue_reg[6]            ;
;                                 ; due to stuck port data_in ;                                        ;
; rendering:render|pixel_color[2] ; Stuck at GND              ; vga_driver:draw|green_reg[5]           ;
;                                 ; due to stuck port data_in ;                                        ;
+---------------------------------+---------------------------+----------------------------------------+


+------------------------------------------------------+
; General Register Statistics                          ;
+----------------------------------------------+-------+
; Statistic                                    ; Value ;
+----------------------------------------------+-------+
; Total registers                              ; 184   ;
; Number of registers using Synchronous Clear  ; 104   ;
; Number of registers using Synchronous Load   ; 9     ;
; Number of registers using Asynchronous Clear ; 0     ;
; Number of registers using Asynchronous Load  ; 0     ;
; Number of registers using Clock Enable       ; 66    ;
; Number of registers using Preset             ; 0     ;
+----------------------------------------------+-------+


+---------------------------------------------------------------------------------------------------------------------------------------------------------------------+
; Multiplexer Restructuring Statistics (Restructuring Performed)                                                                                                      ;
+--------------------+-----------+---------------+----------------------+------------------------+------------+-------------------------------------------------------+
; Multiplexer Inputs ; Bus Width ; Baseline Area ; Area if Restructured ; Saving if Restructured ; Registered ; Example Multiplexer Output                            ;
+--------------------+-----------+---------------+----------------------+------------------------+------------+-------------------------------------------------------+
; 3:1                ; 4 bits    ; 8 LEs         ; 8 LEs                ; 0 LEs                  ; Yes        ; |deneme|vga_driver:draw|green_reg[6]                  ;
; 3:1                ; 2 bits    ; 4 LEs         ; 2 LEs                ; 2 LEs                  ; Yes        ; |deneme|sevenseg_display:display|hex1[0]              ;
; 3:1                ; 8 bits    ; 16 LEs        ; 0 LEs                ; 16 LEs                 ; Yes        ; |deneme|game_fsm:game|Counter:frame_counter2|count[5] ;
; 3:1                ; 8 bits    ; 16 LEs        ; 0 LEs                ; 16 LEs                 ; Yes        ; |deneme|game_fsm:game|Counter:frame_counter|count[1]  ;
; 6:1                ; 3 bits    ; 12 LEs        ; 6 LEs                ; 6 LEs                  ; Yes        ; |deneme|game_fsm:game|char2_x[9]                      ;
; 6:1                ; 6 bits    ; 24 LEs        ; 12 LEs               ; 12 LEs                 ; Yes        ; |deneme|game_fsm:game|char2_x[2]                      ;
; 6:1                ; 6 bits    ; 24 LEs        ; 12 LEs               ; 12 LEs                 ; Yes        ; |deneme|game_fsm:game|char_x[9]                       ;
; 6:1                ; 3 bits    ; 12 LEs        ; 6 LEs                ; 6 LEs                  ; Yes        ; |deneme|game_fsm:game|char_x[6]                       ;
; 10:1               ; 10 bits   ; 60 LEs        ; 0 LEs                ; 60 LEs                 ; Yes        ; |deneme|vga_driver:draw|v_counter[3]                  ;
; 10:1               ; 10 bits   ; 60 LEs        ; 0 LEs                ; 60 LEs                 ; Yes        ; |deneme|vga_driver:draw|h_counter[2]                  ;
+--------------------+-----------+---------------+----------------------+------------------------+------------+-------------------------------------------------------+


+-------------------------------------------------------------------------------------------------------------------+
; Parameter Settings for User Entity Instance: game_clk:game_clock|clock_divider:game_divider|Counter:thine_counter ;
+----------------+-------+------------------------------------------------------------------------------------------+
; Parameter Name ; Value ; Type                                                                                     ;
+----------------+-------+------------------------------------------------------------------------------------------+
; W              ; 32    ; Signed Integer                                                                           ;
+----------------+-------+------------------------------------------------------------------------------------------+
Note: In order to hide this table in the UI and the text report file, please set the "Show Parameter Settings in Synthesis Report" option in "Analysis and Synthesis Settings -> More Settings" to "Off".


+----------------------------------------------------------------------------------+
; Parameter Settings for User Entity Instance: game_fsm:game|Counter:frame_counter ;
+----------------+-------+---------------------------------------------------------+
; Parameter Name ; Value ; Type                                                    ;
+----------------+-------+---------------------------------------------------------+
; W              ; 8     ; Signed Integer                                          ;
+----------------+-------+---------------------------------------------------------+
Note: In order to hide this table in the UI and the text report file, please set the "Show Parameter Settings in Synthesis Report" option in "Analysis and Synthesis Settings -> More Settings" to "Off".


+-----------------------------------------------------------------------------------+
; Parameter Settings for User Entity Instance: game_fsm:game|Counter:frame_counter2 ;
+----------------+-------+----------------------------------------------------------+
; Parameter Name ; Value ; Type                                                     ;
+----------------+-------+----------------------------------------------------------+
; W              ; 8     ; Signed Integer                                           ;
+----------------+-------+----------------------------------------------------------+
Note: In order to hide this table in the UI and the text report file, please set the "Show Parameter Settings in Synthesis Report" option in "Analysis and Synthesis Settings -> More Settings" to "Off".


+---------------------------------------------------------------------------------------+
; Parameter Settings for User Entity Instance: game_fsm:game|Counter:fight_time_counter ;
+----------------+-------+--------------------------------------------------------------+
; Parameter Name ; Value ; Type                                                         ;
+----------------+-------+--------------------------------------------------------------+
; W              ; 8     ; Signed Integer                                               ;
+----------------+-------+--------------------------------------------------------------+
Note: In order to hide this table in the UI and the text report file, please set the "Show Parameter Settings in Synthesis Report" option in "Analysis and Synthesis Settings -> More Settings" to "Off".


+--------------------------------------------------------------+
; Parameter Settings for User Entity Instance: vga_driver:draw ;
+----------------+------------+--------------------------------+
; Parameter Name ; Value      ; Type                           ;
+----------------+------------+--------------------------------+
; H_ACTIVE       ; 1001111111 ; Unsigned Binary                ;
; H_FRONT        ; 0000001111 ; Unsigned Binary                ;
; H_PULSE        ; 0001011111 ; Unsigned Binary                ;
; H_BACK         ; 0000101111 ; Unsigned Binary                ;
; V_ACTIVE       ; 0111011111 ; Unsigned Binary                ;
; V_FRONT        ; 0000001001 ; Unsigned Binary                ;
; V_PULSE        ; 0000000001 ; Unsigned Binary                ;
; V_BACK         ; 0000100000 ; Unsigned Binary                ;
; LOW            ; 0          ; Unsigned Binary                ;
; HIGH           ; 1          ; Unsigned Binary                ;
; H_ACTIVE_STATE ; 00000000   ; Unsigned Binary                ;
; H_FRONT_STATE  ; 00000001   ; Unsigned Binary                ;
; H_PULSE_STATE  ; 00000010   ; Unsigned Binary                ;
; H_BACK_STATE   ; 00000011   ; Unsigned Binary                ;
; V_ACTIVE_STATE ; 00000000   ; Unsigned Binary                ;
; V_FRONT_STATE  ; 00000001   ; Unsigned Binary                ;
; V_PULSE_STATE  ; 00000010   ; Unsigned Binary                ;
; V_BACK_STATE   ; 00000011   ; Unsigned Binary                ;
+----------------+------------+--------------------------------+
Note: In order to hide this table in the UI and the text report file, please set the "Show Parameter Settings in Synthesis Report" option in "Analysis and Synthesis Settings -> More Settings" to "Off".


+----------------------------------------------------------------------------------------------------------------------+
; Port Connectivity Checks: "render_menu:gamemenu"                                                                     ;
+------------+--------+----------+-------------------------------------------------------------------------------------+
; Port       ; Type   ; Severity ; Details                                                                             ;
+------------+--------+----------+-------------------------------------------------------------------------------------+
; menu_pixel ; Output ; Info     ; Connected to dangling logic. Logic that only feeds a dangling port will be removed. ;
+------------+--------+----------+-------------------------------------------------------------------------------------+


+-----------------------------------------------------------------------------------------------------------------+
; Port Connectivity Checks: "game_fsm:game|Counter:fight_time_counter"                                            ;
+-------+--------+----------+-------------------------------------------------------------------------------------+
; Port  ; Type   ; Severity ; Details                                                                             ;
+-------+--------+----------+-------------------------------------------------------------------------------------+
; count ; Output ; Info     ; Connected to dangling logic. Logic that only feeds a dangling port will be removed. ;
+-------+--------+----------+-------------------------------------------------------------------------------------+


+----------------------------------------------------------------------------------------------------------------------------------------------------------------------------------------------------------+
; Port Connectivity Checks: "game_clk:game_clock|clock_divider:game_divider"                                                                                                                               ;
+-------------------------+-------+----------+-------------------------------------------------------------------------------------------------------------------------------------------------------------+
; Port                    ; Type  ; Severity ; Details                                                                                                                                                     ;
+-------------------------+-------+----------+-------------------------------------------------------------------------------------------------------------------------------------------------------------+
; division_factor         ; Input ; Warning  ; Input port expression (20 bits) is smaller than the input port (32 bits) it drives.  Extra input bit(s) "division_factor[31..20]" will be connected to GND. ;
; division_factor[18..17] ; Input ; Info     ; Stuck at VCC                                                                                                                                                ;
; division_factor[14..13] ; Input ; Info     ; Stuck at VCC                                                                                                                                                ;
; division_factor[16..15] ; Input ; Info     ; Stuck at GND                                                                                                                                                ;
; division_factor[10..8]  ; Input ; Info     ; Stuck at GND                                                                                                                                                ;
; division_factor[4..0]   ; Input ; Info     ; Stuck at GND                                                                                                                                                ;
; division_factor[31]     ; Input ; Info     ; Stuck at GND                                                                                                                                                ;
; division_factor[24]     ; Input ; Info     ; Stuck at GND                                                                                                                                                ;
; division_factor[23]     ; Input ; Info     ; Stuck at VCC                                                                                                                                                ;
; division_factor[19]     ; Input ; Info     ; Stuck at VCC                                                                                                                                                ;
; division_factor[18]     ; Input ; Info     ; Stuck at GND                                                                                                                                                ;
; division_factor[17]     ; Input ; Info     ; Stuck at VCC                                                                                                                                                ;
+-------------------------+-------+----------+-------------------------------------------------------------------------------------------------------------------------------------------------------------+


+-----------------------------------------------------+
; Post-Synthesis Netlist Statistics for Top Partition ;
+-----------------------+-----------------------------+
; Type                  ; Count                       ;
+-----------------------+-----------------------------+
; arriav_ff             ; 184                         ;
;     ENA               ; 22                          ;
;     ENA SCLR          ; 35                          ;
;     ENA SLD           ; 9                           ;
;     SCLR              ; 69                          ;
;     plain             ; 49                          ;
; arriav_lcell_comb     ; 370                         ;
;     arith             ; 145                         ;
;         0 data inputs ; 3                           ;
;         1 data inputs ; 101                         ;
;         2 data inputs ; 7                           ;
;         3 data inputs ; 34                          ;
;     extend            ; 4                           ;
;         7 data inputs ; 4                           ;
;     normal            ; 221                         ;
;         0 data inputs ; 2                           ;
;         1 data inputs ; 2                           ;
;         2 data inputs ; 25                          ;
;         3 data inputs ; 50                          ;
;         4 data inputs ; 31                          ;
;         5 data inputs ; 50                          ;
;         6 data inputs ; 61                          ;
; boundary_port         ; 99                          ;
;                       ;                             ;
; Max LUT depth         ; 4.60                        ;
; Average LUT depth     ; 2.58                        ;
+-----------------------+-----------------------------+


+-------------------------------+
; Elapsed Time Per Partition    ;
+----------------+--------------+
; Partition Name ; Elapsed Time ;
+----------------+--------------+
; Top            ; 00:00:01     ;
+----------------+--------------+


+-------------------------------+
; Analysis & Synthesis Messages ;
+-------------------------------+
Info: *******************************************************************
Info: Running Quartus Prime Analysis & Synthesis
    Info: Version 23.1std.1 Build 993 05/14/2024 SC Lite Edition
    Info: Processing started: Sun Jun  1 12:28:29 2025
Info: Command: quartus_map --read_settings_files=on --write_settings_files=off deneme -c deneme
Warning (18236): Number of processors has not been specified which may cause overloading on shared machines.  Set the global assignment NUM_PARALLEL_PROCESSORS in your QSF to an appropriate value for best performance.
Info (20030): Parallel compilation is enabled and will use 16 of the 16 processors detected
Info (12021): Found 1 design units, including 1 entities, in source file /users/lenovo/downloads/render_menu.v
    Info (12023): Found entity 1: render_menu File: C:/Users/lenovo/Downloads/render_menu.v Line: 1
Info (12021): Found 1 design units, including 1 entities, in source file hexto7seg.v
    Info (12023): Found entity 1: hexto7seg File: C:/Users/lenovo/Downloads/2character/deneme/hexto7seg.v Line: 1
Info (12021): Found 1 design units, including 1 entities, in source file vga_driver.v
    Info (12023): Found entity 1: vga_driver File: C:/Users/lenovo/Downloads/2character/deneme/vga_driver.v Line: 1
Info (12021): Found 1 design units, including 1 entities, in source file vga_clock.v
    Info (12023): Found entity 1: vga_clock File: C:/Users/lenovo/Downloads/2character/deneme/vga_clock.v Line: 1
Info (12021): Found 1 design units, including 1 entities, in source file render_layering.v
    Info (12023): Found entity 1: render_layering File: C:/Users/lenovo/Downloads/2character/deneme/render_layering.v Line: 1
Info (12021): Found 1 design units, including 1 entities, in source file render_character.v
    Info (12023): Found entity 1: render_character File: C:/Users/lenovo/Downloads/2character/deneme/render_character.v Line: 1
Info (12021): Found 1 design units, including 1 entities, in source file render_background.v
    Info (12023): Found entity 1: render_background File: C:/Users/lenovo/Downloads/2character/deneme/render_background.v Line: 1
Info (12021): Found 1 design units, including 1 entities, in source file move_char.v
    Info (12023): Found entity 1: move_char File: C:/Users/lenovo/Downloads/2character/deneme/move_char.v Line: 1
Info (12021): Found 1 design units, including 1 entities, in source file game_fsm.v
    Info (12023): Found entity 1: game_fsm File: C:/Users/lenovo/Downloads/2character/deneme/game_fsm.v Line: 1
Info (12021): Found 1 design units, including 1 entities, in source file game_clk.v
    Info (12023): Found entity 1: game_clk File: C:/Users/lenovo/Downloads/2character/deneme/game_clk.v Line: 1
Info (12021): Found 1 design units, including 1 entities, in source file deneme.v
    Info (12023): Found entity 1: deneme File: C:/Users/lenovo/Downloads/2character/deneme/deneme.v Line: 6
Info (12021): Found 1 design units, including 1 entities, in source file counter.v
    Info (12023): Found entity 1: Counter File: C:/Users/lenovo/Downloads/2character/deneme/Counter.v Line: 1
Info (12021): Found 1 design units, including 1 entities, in source file clock_divider.v
    Info (12023): Found entity 1: clock_divider File: C:/Users/lenovo/Downloads/2character/deneme/clock_divider.v Line: 1
Info (12021): Found 1 design units, including 1 entities, in source file 7segdisplay.v
    Info (12023): Found entity 1: sevenseg_display File: C:/Users/lenovo/Downloads/2character/deneme/7segdisplay.v Line: 1
Info (12021): Found 1 design units, including 1 entities, in source file layering.v
    Info (12023): Found entity 1: layering File: C:/Users/lenovo/Downloads/2character/deneme/layering.v Line: 1
Info (12021): Found 1 design units, including 1 entities, in source file rendering.v
    Info (12023): Found entity 1: rendering File: C:/Users/lenovo/Downloads/2character/deneme/rendering.v Line: 1
Info (12127): Elaborating entity "deneme" for the top level hierarchy
Warning (10034): Output port "LEDR" at deneme.v(26) has no driver File: C:/Users/lenovo/Downloads/2character/deneme/deneme.v Line: 26
Info (12128): Elaborating entity "vga_clock" for hierarchy "vga_clock:clock_vga" File: C:/Users/lenovo/Downloads/2character/deneme/deneme.v Line: 79
Info (12128): Elaborating entity "game_clk" for hierarchy "game_clk:game_clock" File: C:/Users/lenovo/Downloads/2character/deneme/deneme.v Line: 88
Info (12128): Elaborating entity "clock_divider" for hierarchy "game_clk:game_clock|clock_divider:game_divider" File: C:/Users/lenovo/Downloads/2character/deneme/game_clk.v Line: 50
Info (12128): Elaborating entity "Counter" for hierarchy "game_clk:game_clock|clock_divider:game_divider|Counter:thine_counter" File: C:/Users/lenovo/Downloads/2character/deneme/clock_divider.v Line: 17
Info (12128): Elaborating entity "game_fsm" for hierarchy "game_fsm:game" File: C:/Users/lenovo/Downloads/2character/deneme/deneme.v Line: 107
Warning (10036): Verilog HDL or VHDL warning at game_fsm.v(65): object "timer_initalize" assigned a value but never read File: C:/Users/lenovo/Downloads/2character/deneme/game_fsm.v Line: 65
Info (10264): Verilog HDL Case Statement information at game_fsm.v(81): all case item expressions in this case statement are onehot File: C:/Users/lenovo/Downloads/2character/deneme/game_fsm.v Line: 81
Info (10264): Verilog HDL Case Statement information at game_fsm.v(242): all case item expressions in this case statement are onehot File: C:/Users/lenovo/Downloads/2character/deneme/game_fsm.v Line: 242
Info (12128): Elaborating entity "Counter" for hierarchy "game_fsm:game|Counter:frame_counter" File: C:/Users/lenovo/Downloads/2character/deneme/game_fsm.v Line: 48
Info (12128): Elaborating entity "layering" for hierarchy "layering:layer" File: C:/Users/lenovo/Downloads/2character/deneme/deneme.v Line: 128
Info (12128): Elaborating entity "render_menu" for hierarchy "render_menu:gamemenu" File: C:/Users/lenovo/Downloads/2character/deneme/deneme.v Line: 138
Info (12128): Elaborating entity "rendering" for hierarchy "rendering:render" File: C:/Users/lenovo/Downloads/2character/deneme/deneme.v Line: 154
Info (12128): Elaborating entity "vga_driver" for hierarchy "vga_driver:draw" File: C:/Users/lenovo/Downloads/2character/deneme/deneme.v Line: 205
Info (12128): Elaborating entity "sevenseg_display" for hierarchy "sevenseg_display:display" File: C:/Users/lenovo/Downloads/2character/deneme/deneme.v Line: 218
Warning (10034): Output port "hex2" at 7segdisplay.v(8) has no driver File: C:/Users/lenovo/Downloads/2character/deneme/7segdisplay.v Line: 8
Warning (10034): Output port "hex3" at 7segdisplay.v(9) has no driver File: C:/Users/lenovo/Downloads/2character/deneme/7segdisplay.v Line: 9
Warning (10034): Output port "hex4" at 7segdisplay.v(10) has no driver File: C:/Users/lenovo/Downloads/2character/deneme/7segdisplay.v Line: 10
Warning (10034): Output port "hex5" at 7segdisplay.v(12) has no driver File: C:/Users/lenovo/Downloads/2character/deneme/7segdisplay.v Line: 12
Warning (19016): Clock multiplexers are found and protected
    Warning (19017): Found clock multiplexer game_clk:game_clock|game_clk File: C:/Users/lenovo/Downloads/2character/deneme/game_clk.v Line: 8
Warning (12241): 1 hierarchies have connectivity warnings - see the Connectivity Checks report folder
Warning (13024): Output pins are stuck at VCC or GND
    Warning (13410): Pin "HEX0[0]" is stuck at GND File: C:/Users/lenovo/Downloads/2character/deneme/deneme.v Line: 15
    Warning (13410): Pin "HEX0[1]" is stuck at GND File: C:/Users/lenovo/Downloads/2character/deneme/deneme.v Line: 15
    Warning (13410): Pin "HEX0[2]" is stuck at VCC File: C:/Users/lenovo/Downloads/2character/deneme/deneme.v Line: 15
    Warning (13410): Pin "HEX0[3]" is stuck at VCC File: C:/Users/lenovo/Downloads/2character/deneme/deneme.v Line: 15
    Warning (13410): Pin "HEX0[4]" is stuck at GND File: C:/Users/lenovo/Downloads/2character/deneme/deneme.v Line: 15
    Warning (13410): Pin "HEX0[5]" is stuck at GND File: C:/Users/lenovo/Downloads/2character/deneme/deneme.v Line: 15
    Warning (13410): Pin "HEX0[6]" is stuck at GND File: C:/Users/lenovo/Downloads/2character/deneme/deneme.v Line: 15
    Warning (13410): Pin "HEX1[1]" is stuck at GND File: C:/Users/lenovo/Downloads/2character/deneme/deneme.v Line: 16
    Warning (13410): Pin "HEX1[5]" is stuck at VCC File: C:/Users/lenovo/Downloads/2character/deneme/deneme.v Line: 16
    Warning (13410): Pin "HEX2[0]" is stuck at GND File: C:/Users/lenovo/Downloads/2character/deneme/deneme.v Line: 17
    Warning (13410): Pin "HEX2[1]" is stuck at GND File: C:/Users/lenovo/Downloads/2character/deneme/deneme.v Line: 17
    Warning (13410): Pin "HEX2[2]" is stuck at GND File: C:/Users/lenovo/Downloads/2character/deneme/deneme.v Line: 17
    Warning (13410): Pin "HEX2[3]" is stuck at GND File: C:/Users/lenovo/Downloads/2character/deneme/deneme.v Line: 17
    Warning (13410): Pin "HEX2[4]" is stuck at GND File: C:/Users/lenovo/Downloads/2character/deneme/deneme.v Line: 17
    Warning (13410): Pin "HEX2[5]" is stuck at GND File: C:/Users/lenovo/Downloads/2character/deneme/deneme.v Line: 17
    Warning (13410): Pin "HEX2[6]" is stuck at GND File: C:/Users/lenovo/Downloads/2character/deneme/deneme.v Line: 17
    Warning (13410): Pin "HEX3[0]" is stuck at GND File: C:/Users/lenovo/Downloads/2character/deneme/deneme.v Line: 18
    Warning (13410): Pin "HEX3[1]" is stuck at GND File: C:/Users/lenovo/Downloads/2character/deneme/deneme.v Line: 18
    Warning (13410): Pin "HEX3[2]" is stuck at GND File: C:/Users/lenovo/Downloads/2character/deneme/deneme.v Line: 18
    Warning (13410): Pin "HEX3[3]" is stuck at GND File: C:/Users/lenovo/Downloads/2character/deneme/deneme.v Line: 18
    Warning (13410): Pin "HEX3[4]" is stuck at GND File: C:/Users/lenovo/Downloads/2character/deneme/deneme.v Line: 18
    Warning (13410): Pin "HEX3[5]" is stuck at GND File: C:/Users/lenovo/Downloads/2character/deneme/deneme.v Line: 18
    Warning (13410): Pin "HEX3[6]" is stuck at GND File: C:/Users/lenovo/Downloads/2character/deneme/deneme.v Line: 18
    Warning (13410): Pin "HEX4[0]" is stuck at GND File: C:/Users/lenovo/Downloads/2character/deneme/deneme.v Line: 19
    Warning (13410): Pin "HEX4[1]" is stuck at GND File: C:/Users/lenovo/Downloads/2character/deneme/deneme.v Line: 19
    Warning (13410): Pin "HEX4[2]" is stuck at GND File: C:/Users/lenovo/Downloads/2character/deneme/deneme.v Line: 19
    Warning (13410): Pin "HEX4[3]" is stuck at GND File: C:/Users/lenovo/Downloads/2character/deneme/deneme.v Line: 19
    Warning (13410): Pin "HEX4[4]" is stuck at GND File: C:/Users/lenovo/Downloads/2character/deneme/deneme.v Line: 19
    Warning (13410): Pin "HEX4[5]" is stuck at GND File: C:/Users/lenovo/Downloads/2character/deneme/deneme.v Line: 19
    Warning (13410): Pin "HEX4[6]" is stuck at GND File: C:/Users/lenovo/Downloads/2character/deneme/deneme.v Line: 19
    Warning (13410): Pin "HEX5[0]" is stuck at GND File: C:/Users/lenovo/Downloads/2character/deneme/deneme.v Line: 20
    Warning (13410): Pin "HEX5[1]" is stuck at GND File: C:/Users/lenovo/Downloads/2character/deneme/deneme.v Line: 20
    Warning (13410): Pin "HEX5[2]" is stuck at GND File: C:/Users/lenovo/Downloads/2character/deneme/deneme.v Line: 20
    Warning (13410): Pin "HEX5[3]" is stuck at GND File: C:/Users/lenovo/Downloads/2character/deneme/deneme.v Line: 20
    Warning (13410): Pin "HEX5[4]" is stuck at GND File: C:/Users/lenovo/Downloads/2character/deneme/deneme.v Line: 20
    Warning (13410): Pin "HEX5[5]" is stuck at GND File: C:/Users/lenovo/Downloads/2character/deneme/deneme.v Line: 20
    Warning (13410): Pin "HEX5[6]" is stuck at GND File: C:/Users/lenovo/Downloads/2character/deneme/deneme.v Line: 20
    Warning (13410): Pin "LEDR[0]" is stuck at GND File: C:/Users/lenovo/Downloads/2character/deneme/deneme.v Line: 26
    Warning (13410): Pin "LEDR[1]" is stuck at GND File: C:/Users/lenovo/Downloads/2character/deneme/deneme.v Line: 26
    Warning (13410): Pin "LEDR[2]" is stuck at GND File: C:/Users/lenovo/Downloads/2character/deneme/deneme.v Line: 26
    Warning (13410): Pin "LEDR[3]" is stuck at GND File: C:/Users/lenovo/Downloads/2character/deneme/deneme.v Line: 26
    Warning (13410): Pin "LEDR[4]" is stuck at GND File: C:/Users/lenovo/Downloads/2character/deneme/deneme.v Line: 26
    Warning (13410): Pin "LEDR[5]" is stuck at GND File: C:/Users/lenovo/Downloads/2character/deneme/deneme.v Line: 26
    Warning (13410): Pin "LEDR[6]" is stuck at GND File: C:/Users/lenovo/Downloads/2character/deneme/deneme.v Line: 26
    Warning (13410): Pin "LEDR[7]" is stuck at GND File: C:/Users/lenovo/Downloads/2character/deneme/deneme.v Line: 26
    Warning (13410): Pin "LEDR[8]" is stuck at GND File: C:/Users/lenovo/Downloads/2character/deneme/deneme.v Line: 26
    Warning (13410): Pin "LEDR[9]" is stuck at GND File: C:/Users/lenovo/Downloads/2character/deneme/deneme.v Line: 26
    Warning (13410): Pin "VGA_B[0]" is stuck at GND File: C:/Users/lenovo/Downloads/2character/deneme/deneme.v Line: 33
    Warning (13410): Pin "VGA_B[1]" is stuck at GND File: C:/Users/lenovo/Downloads/2character/deneme/deneme.v Line: 33
    Warning (13410): Pin "VGA_B[2]" is stuck at GND File: C:/Users/lenovo/Downloads/2character/deneme/deneme.v Line: 33
    Warning (13410): Pin "VGA_B[3]" is stuck at GND File: C:/Users/lenovo/Downloads/2character/deneme/deneme.v Line: 33
    Warning (13410): Pin "VGA_B[4]" is stuck at GND File: C:/Users/lenovo/Downloads/2character/deneme/deneme.v Line: 33
    Warning (13410): Pin "VGA_B[5]" is stuck at GND File: C:/Users/lenovo/Downloads/2character/deneme/deneme.v Line: 33
    Warning (13410): Pin "VGA_B[6]" is stuck at GND File: C:/Users/lenovo/Downloads/2character/deneme/deneme.v Line: 33
    Warning (13410): Pin "VGA_G[0]" is stuck at GND File: C:/Users/lenovo/Downloads/2character/deneme/deneme.v Line: 35
    Warning (13410): Pin "VGA_G[1]" is stuck at GND File: C:/Users/lenovo/Downloads/2character/deneme/deneme.v Line: 35
    Warning (13410): Pin "VGA_G[2]" is stuck at GND File: C:/Users/lenovo/Downloads/2character/deneme/deneme.v Line: 35
    Warning (13410): Pin "VGA_G[3]" is stuck at GND File: C:/Users/lenovo/Downloads/2character/deneme/deneme.v Line: 35
    Warning (13410): Pin "VGA_G[4]" is stuck at GND File: C:/Users/lenovo/Downloads/2character/deneme/deneme.v Line: 35
    Warning (13410): Pin "VGA_G[5]" is stuck at GND File: C:/Users/lenovo/Downloads/2character/deneme/deneme.v Line: 35
    Warning (13410): Pin "VGA_R[0]" is stuck at GND File: C:/Users/lenovo/Downloads/2character/deneme/deneme.v Line: 37
    Warning (13410): Pin "VGA_R[1]" is stuck at GND File: C:/Users/lenovo/Downloads/2character/deneme/deneme.v Line: 37
    Warning (13410): Pin "VGA_R[2]" is stuck at GND File: C:/Users/lenovo/Downloads/2character/deneme/deneme.v Line: 37
    Warning (13410): Pin "VGA_R[3]" is stuck at GND File: C:/Users/lenovo/Downloads/2character/deneme/deneme.v Line: 37
    Warning (13410): Pin "VGA_R[4]" is stuck at GND File: C:/Users/lenovo/Downloads/2character/deneme/deneme.v Line: 37
    Warning (13410): Pin "VGA_SYNC_N" is stuck at GND File: C:/Users/lenovo/Downloads/2character/deneme/deneme.v Line: 38
Info (286030): Timing-Driven Synthesis is running
Info (17049): 24 registers lost all their fanouts during netlist optimizations.
Info (16010): Generating hard_block partition "hard_block:auto_generated_inst"
    Info (16011): Adding 0 node(s), including 0 DDIO, 0 PLL, 0 transceiver and 0 LCELL
Warning (21074): Design contains 8 input pin(s) that do not drive logic
    Warning (15610): No output dependent on input pin "CLOCK2_50" File: C:/Users/lenovo/Downloads/2character/deneme/deneme.v Line: 9
    Warning (15610): No output dependent on input pin "CLOCK3_50" File: C:/Users/lenovo/Downloads/2character/deneme/deneme.v Line: 10
    Warning (15610): No output dependent on input pin "CLOCK4_50" File: C:/Users/lenovo/Downloads/2character/deneme/deneme.v Line: 11
    Warning (15610): No output dependent on input pin "SW[2]" File: C:/Users/lenovo/Downloads/2character/deneme/deneme.v Line: 29
    Warning (15610): No output dependent on input pin "SW[3]" File: C:/Users/lenovo/Downloads/2character/deneme/deneme.v Line: 29
    Warning (15610): No output dependent on input pin "SW[4]" File: C:/Users/lenovo/Downloads/2character/deneme/deneme.v Line: 29
    Warning (15610): No output dependent on input pin "SW[5]" File: C:/Users/lenovo/Downloads/2character/deneme/deneme.v Line: 29
    Warning (15610): No output dependent on input pin "SW[6]" File: C:/Users/lenovo/Downloads/2character/deneme/deneme.v Line: 29
Info (21057): Implemented 473 device resources after synthesis - the final resource count might be different
    Info (21058): Implemented 18 input pins
    Info (21059): Implemented 81 output pins
    Info (21061): Implemented 374 logic cells
Info: Quartus Prime Analysis & Synthesis was successful. 0 errors, 86 warnings
    Info: Peak virtual memory: 4865 megabytes
    Info: Processing ended: Sun Jun  1 12:28:43 2025
    Info: Elapsed time: 00:00:14
    Info: Total CPU time (on all processors): 00:00:17


